<?xml version="1.0" encoding="UTF-8"?>
<!-- Generated by org.testng.reporters.JUnitXMLReporter -->
<testsuite hostname="johnq-PC" ignored="0" name="Default test" tests="3" failures="0" timestamp="01 Feb 2018 22:19:41 GMT" time="14.484" errors="0">
  <testcase name="testLoginCustomer" time="5.58" classname="com.online.catalog.CatalogTest"/>
  <testcase name="testNewProductLink" time="3.374" classname="com.online.catalog.CatalogTest"/>
  <testcase name="testSortProductManufacturer" time="0.26" classname="com.online.catalog.CatalogTest"/>
</testsuite> <!-- Default test -->
