<?xml version="1.0" encoding="UTF-8"?>
<testng-results skipped="0" failed="0" ignored="0" total="1" passed="1">
  <reporter-output>
  </reporter-output>
  <suite name="Default suite" duration-ms="7840" started-at="2018-02-10T00:41:41Z" finished-at="2018-02-10T00:41:49Z">
    <groups>
    </groups>
    <test name="Default test" duration-ms="7840" started-at="2018-02-10T00:41:41Z" finished-at="2018-02-10T00:41:49Z">
      <class name="testScripts.PersonalDetailsPageTest">
        <test-method status="PASS" signature="startBrowser()[pri:0, instance:testScripts.PersonalDetailsPageTest@1d29cf23]" name="startBrowser" is-config="true" duration-ms="5797" started-at="2018-02-09T16:41:41Z" finished-at="2018-02-09T16:41:47Z">
          <reporter-output>
          </reporter-output>
        </test-method> <!-- startBrowser -->
        <test-method status="PASS" signature="assertHomepage()[pri:0, instance:testScripts.PersonalDetailsPageTest@1d29cf23]" name="assertHomepage" duration-ms="1420" started-at="2018-02-09T16:41:47Z" finished-at="2018-02-09T16:41:48Z">
          <reporter-output>
          </reporter-output>
        </test-method> <!-- assertHomepage -->
        <test-method status="PASS" signature="tearDown()[pri:0, instance:testScripts.PersonalDetailsPageTest@1d29cf23]" name="tearDown" is-config="true" duration-ms="601" started-at="2018-02-09T16:41:48Z" finished-at="2018-02-09T16:41:49Z">
          <reporter-output>
          </reporter-output>
        </test-method> <!-- tearDown -->
      </class> <!-- testScripts.PersonalDetailsPageTest -->
    </test> <!-- Default test -->
  </suite> <!-- Default suite -->
</testng-results>
