<?xml version="1.0" encoding="UTF-8"?>
<testng-results skipped="0" failed="0" ignored="0" total="3" passed="3">
  <reporter-output>
  </reporter-output>
  <suite name="Default suite" duration-ms="16030" started-at="2018-02-08T04:12:56Z" finished-at="2018-02-08T04:13:12Z">
    <groups>
    </groups>
    <test name="Default test" duration-ms="16030" started-at="2018-02-08T04:12:56Z" finished-at="2018-02-08T04:13:12Z">
      <class name="com.online.catalog.CatalogTest">
        <test-method status="PASS" signature="setUpBrowser()[pri:0, instance:com.online.catalog.CatalogTest@1d29cf23]" name="setUpBrowser" is-config="true" duration-ms="4436" started-at="2018-02-07T20:12:56Z" finished-at="2018-02-07T20:13:00Z">
          <reporter-output>
          </reporter-output>
        </test-method> <!-- setUpBrowser -->
        <test-method status="PASS" signature="testLoginCustomer()[pri:0, instance:com.online.catalog.CatalogTest@1d29cf23]" name="testLoginCustomer" duration-ms="5913" started-at="2018-02-07T20:13:00Z" finished-at="2018-02-07T20:13:06Z">
          <reporter-output>
          </reporter-output>
        </test-method> <!-- testLoginCustomer -->
        <test-method status="PASS" signature="testNewProductLink()[pri:0, instance:com.online.catalog.CatalogTest@1d29cf23]" name="testNewProductLink" duration-ms="4746" started-at="2018-02-07T20:13:06Z" finished-at="2018-02-07T20:13:11Z">
          <reporter-output>
          </reporter-output>
        </test-method> <!-- testNewProductLink -->
        <test-method status="PASS" signature="testSortProductManufacturer()[pri:0, instance:com.online.catalog.CatalogTest@1d29cf23]" name="testSortProductManufacturer" duration-ms="282" started-at="2018-02-07T20:13:11Z" finished-at="2018-02-07T20:13:11Z">
          <reporter-output>
          </reporter-output>
        </test-method> <!-- testSortProductManufacturer -->
        <test-method status="PASS" signature="tearDown()[pri:0, instance:com.online.catalog.CatalogTest@1d29cf23]" name="tearDown" is-config="true" duration-ms="604" started-at="2018-02-07T20:13:11Z" finished-at="2018-02-07T20:13:12Z">
          <reporter-output>
          </reporter-output>
        </test-method> <!-- tearDown -->
      </class> <!-- com.online.catalog.CatalogTest -->
    </test> <!-- Default test -->
  </suite> <!-- Default suite -->
</testng-results>
